Build started 23/03/2017 12:53:11.
     1>Project "E:\Work\Year 2\Programming for Games\P4G Assignment\Version 2\Racer2\Racer2.vcxproj" on node 2 (Build target(s)).
     1>ClCompile:
         C:\Program Files (x86)\Microsoft Visual Studio 12.0\VC\bin\CL.exe /c /I..\..\..\DirectXTK\Inc /ZI /nologo /W3 /WX- /Od /Oy- /D WIN32 /D _DEBUG /D _WINDOWS /D _MBCS /Gm /EHsc /RTC1 /MDd /GS- /fp:precise /Zc:wchar_t /Zc:forScope /Fo"Debug\\" /Fd"Debug\vc120.pdb" /Gd /TP /analyze- /errorReport:prompt /wd4005 Game.cpp
         Game.cpp
     1>e:\work\year 2\programming for games\p4g assignment\version 2\racer2\game.cpp(26): warning C4244: '=' : conversion from 'int' to 'float', possible loss of data
       Link:
         C:\Program Files (x86)\Microsoft Visual Studio 12.0\VC\bin\link.exe /ERRORREPORT:PROMPT /OUT:"..\bin\Racer2.exe" /INCREMENTAL /NOLOGO /LIBPATH:fmod/lib fmodex_vc.lib Xinput9_1_0.lib "assimp-vc120-mtd.lib" d3d11.lib kernel32.lib user32.lib gdi32.lib winspool.lib comdlg32.lib advapi32.lib shell32.lib ole32.lib oleaut32.lib uuid.lib odbc32.lib odbccp32.lib kernel32.lib user32.lib gdi32.lib winspool.lib comdlg32.lib advapi32.lib shell32.lib ole32.lib oleaut32.lib uuid.lib odbc32.lib odbccp32.lib /MANIFEST /MANIFESTUAC:"level='asInvoker' uiAccess='false'" /manifest:embed /DEBUG /PDB:"../bin/Racer2.pdb" /SUBSYSTEM:WINDOWS /TLBID:1 /DYNAMICBASE /NXCOMPAT /IMPLIB:"../bin/Racer2.lib" /MACHINE:X86 Debug\AudioMgr.obj
         Debug\AudioMgrFMOD.obj
         Debug\D3D.obj
         Debug\D3DUtil.obj
         Debug\Error.obj
         Debug\File.obj
         Debug\FX.obj
         Debug\Game.obj
         Debug\GeometryBuilder.obj
         Debug\Input.obj
         Debug\main.obj
         Debug\Mesh.obj
         Debug\Model.obj
         Debug\ShaderTypes.obj
         Debug\UtilsDefines.obj
         Debug\WindowUtils.obj
         "E:\Work\Year 2\Programming for Games\DirectXTK\Bin\Desktop_2013\Win32\Debug\DirectXTK.lib"
         Racer2.vcxproj -> E:\Work\Year 2\Programming for Games\P4G Assignment\Version 2\Racer2\../bin/Racer2.exe
     1>Done Building Project "E:\Work\Year 2\Programming for Games\P4G Assignment\Version 2\Racer2\Racer2.vcxproj" (Build target(s)).

Build succeeded.

Time Elapsed 00:00:25.12
