e:\work\year 2\programming for games\p4g assignment\racinggame\racer2\debug\vc120.pdb
e:\work\year 2\programming for games\p4g assignment\racinggame\racer2\debug\vc120.idb
e:\work\year 2\programming for games\p4g assignment\racinggame\racer2\debug\audiomgr.obj
e:\work\year 2\programming for games\p4g assignment\racinggame\racer2\debug\audiomgrfmod.obj
e:\work\year 2\programming for games\p4g assignment\racinggame\racer2\debug\d3d.obj
e:\work\year 2\programming for games\p4g assignment\racinggame\racer2\debug\d3dutil.obj
e:\work\year 2\programming for games\p4g assignment\racinggame\racer2\debug\error.obj
e:\work\year 2\programming for games\p4g assignment\racinggame\racer2\debug\file.obj
e:\work\year 2\programming for games\p4g assignment\racinggame\racer2\debug\fx.obj
e:\work\year 2\programming for games\p4g assignment\racinggame\racer2\debug\game.obj
e:\work\year 2\programming for games\p4g assignment\racinggame\racer2\debug\geometrybuilder.obj
e:\work\year 2\programming for games\p4g assignment\racinggame\racer2\debug\input.obj
e:\work\year 2\programming for games\p4g assignment\racinggame\racer2\debug\main.obj
e:\work\year 2\programming for games\p4g assignment\racinggame\racer2\debug\mesh.obj
e:\work\year 2\programming for games\p4g assignment\racinggame\racer2\debug\model.obj
e:\work\year 2\programming for games\p4g assignment\racinggame\racer2\debug\shadertypes.obj
e:\work\year 2\programming for games\p4g assignment\racinggame\racer2\debug\utilsdefines.obj
e:\work\year 2\programming for games\p4g assignment\racinggame\racer2\debug\windowutils.obj
e:\work\year 2\programming for games\p4g assignment\racinggame\bin\data\pslitnotex.cso
e:\work\year 2\programming for games\p4g assignment\racinggame\bin\data\pslittex.cso
e:\work\year 2\programming for games\p4g assignment\racinggame\bin\data\psunlitnotex.cso
e:\work\year 2\programming for games\p4g assignment\racinggame\bin\data\psunlittex.cso
e:\work\year 2\programming for games\p4g assignment\racinggame\bin\data\texturevs.cso
e:\work\year 2\programming for games\p4g assignment\racinggame\bin\racer2.ilk
e:\work\year 2\programming for games\p4g assignment\racinggame\bin\racer2.exe
e:\work\year 2\programming for games\p4g assignment\racinggame\bin\racer2.pdb
e:\work\year 2\programming for games\p4g assignment\racinggame\bin\lighthelper.cso
e:\work\year 2\programming for games\p4g assignment\racinggame\bin\constants.cso
e:\work\year 2\programming for games\p4g assignment\racinggame\bin\data\pscore.cso
g:\work\year 2\programming for games\p4g assignment\racinggame\racer2\debug\audiomgr.obj
g:\work\year 2\programming for games\p4g assignment\racinggame\racer2\debug\audiomgrfmod.obj
g:\work\year 2\programming for games\p4g assignment\racinggame\racer2\debug\d3d.obj
g:\work\year 2\programming for games\p4g assignment\racinggame\racer2\debug\d3dutil.obj
g:\work\year 2\programming for games\p4g assignment\racinggame\racer2\debug\error.obj
g:\work\year 2\programming for games\p4g assignment\racinggame\racer2\debug\file.obj
g:\work\year 2\programming for games\p4g assignment\racinggame\racer2\debug\fx.obj
g:\work\year 2\programming for games\p4g assignment\racinggame\racer2\debug\game.obj
g:\work\year 2\programming for games\p4g assignment\racinggame\racer2\debug\geometrybuilder.obj
g:\work\year 2\programming for games\p4g assignment\racinggame\racer2\debug\input.obj
g:\work\year 2\programming for games\p4g assignment\racinggame\racer2\debug\main.obj
g:\work\year 2\programming for games\p4g assignment\racinggame\racer2\debug\mesh.obj
g:\work\year 2\programming for games\p4g assignment\racinggame\racer2\debug\model.obj
g:\work\year 2\programming for games\p4g assignment\racinggame\racer2\debug\shadertypes.obj
g:\work\year 2\programming for games\p4g assignment\racinggame\racer2\debug\utilsdefines.obj
g:\work\year 2\programming for games\p4g assignment\racinggame\racer2\debug\windowutils.obj
g:\work\year 2\programming for games\p4g assignment\racinggame\racer2\debug\vc120.idb
g:\work\year 2\programming for games\p4g assignment\racinggame\racer2\debug\vc120.pdb
g:\work\year 2\programming for games\p4g assignment\racinggame\racer2\../bin/racer2.exe
g:\work\year 2\programming for games\p4g assignment\racinggame\racer2\debug\racer2.tlog\cl.command.1.tlog
g:\work\year 2\programming for games\p4g assignment\racinggame\racer2\debug\racer2.tlog\cl.read.1.tlog
g:\work\year 2\programming for games\p4g assignment\racinggame\racer2\debug\racer2.tlog\cl.write.1.tlog
g:\work\year 2\programming for games\p4g assignment\racinggame\racer2\debug\racer2.tlog\fxc.command.1.tlog
g:\work\year 2\programming for games\p4g assignment\racinggame\racer2\debug\racer2.tlog\fxc.read.1.tlog
g:\work\year 2\programming for games\p4g assignment\racinggame\racer2\debug\racer2.tlog\fxc.write.1.tlog
g:\work\year 2\programming for games\p4g assignment\racinggame\racer2\debug\racer2.tlog\link.command.1.tlog
g:\work\year 2\programming for games\p4g assignment\racinggame\racer2\debug\racer2.tlog\link.read.1.tlog
g:\work\year 2\programming for games\p4g assignment\racinggame\racer2\debug\racer2.tlog\link.write.1.tlog
g:\work\year 2\programming for games\p4g assignment\racinggame\racer2\debug\racer2.tlog\racer2.write.1u.tlog
